121 : 2022-07-03 06:19:11,256 : INFO : telemetry.main : Attempt start. Configuration directory [/home/azureuser/.azure].
121 : 2022-07-03 06:19:11,256 : INFO : telemetry.check : Positive: The /home/azureuser/.azure/telemetry.txt does not exist.
121 : 2022-07-03 06:19:11,256 : DEBUG : telemetry.note : acquiring lock
121 : 2022-07-03 06:19:11,257 : DEBUG : telemetry.note : acquired lock
121 : 2022-07-03 06:19:11,257 : INFO : telemetry.note : Update the note mtime to 2022-07-03 06:19:11.257121
121 : 2022-07-03 06:19:11,257 : WARNING : telemetry.note : Fail to parse or read the timestamp 'N/A' in the note file. Set the last send time to minimal. Reason: not readable
121 : 2022-07-03 06:19:11,257 : INFO : telemetry.records : No cache to be uploaded.
121 : 2022-07-03 06:19:11,257 : INFO : telemetry.client : Accumulated 0 events. Flush the clients.
121 : 2022-07-03 06:19:11,257 : INFO : telemetry.note : Update the last send in note to 0001-01-01 00:00:00
121 : 2022-07-03 06:19:11,257 : INFO : telemetry.note : Update the note mtime to 2022-07-03 06:19:11.257941
110 : 2022-07-03 07:41:19,330 : INFO : telemetry.main : Attempt start. Configuration directory [/home/azureuser/.azure].
110 : 2022-07-03 07:41:19,334 : INFO : telemetry.check : Returns Positive.
110 : 2022-07-03 07:41:19,334 : DEBUG : telemetry.note : acquiring lock
110 : 2022-07-03 07:41:19,334 : DEBUG : telemetry.note : acquired lock
110 : 2022-07-03 07:41:19,335 : INFO : telemetry.note : Update the note mtime to 2022-07-03 07:41:19.334980
110 : 2022-07-03 07:41:19,338 : WARNING : telemetry.note : Fail to parse or read the timestamp '1-01-01T00:00:00' in the note file. Set the last send time to minimal. Reason: time data '1-01-01T00:00:00' does not match format '%Y-%m-%dT%H:%M:%S'
110 : 2022-07-03 07:41:19,338 : INFO : telemetry.records : No cache to be uploaded.
110 : 2022-07-03 07:41:19,339 : INFO : telemetry.client : Accumulated 0 events. Flush the clients.
110 : 2022-07-03 07:41:19,339 : INFO : telemetry.note : Update the last send in note to 0001-01-01 00:00:00
110 : 2022-07-03 07:41:19,339 : INFO : telemetry.note : Update the note mtime to 2022-07-03 07:41:19.339458
110 : 2022-07-05 04:52:36,982 : INFO : telemetry.main : Attempt start. Configuration directory [/home/azureuser/.azure].
110 : 2022-07-05 04:52:37,000 : INFO : telemetry.check : Returns Positive.
110 : 2022-07-05 04:52:37,000 : DEBUG : telemetry.note : acquiring lock
110 : 2022-07-05 04:52:37,000 : DEBUG : telemetry.note : acquired lock
110 : 2022-07-05 04:52:37,000 : INFO : telemetry.note : Update the note mtime to 2022-07-05 04:52:37.000761
110 : 2022-07-05 04:52:37,005 : WARNING : telemetry.note : Fail to parse or read the timestamp '1-01-01T00:00:00' in the note file. Set the last send time to minimal. Reason: time data '1-01-01T00:00:00' does not match format '%Y-%m-%dT%H:%M:%S'
110 : 2022-07-05 04:52:37,005 : INFO : telemetry.records : No cache to be uploaded.
110 : 2022-07-05 04:52:37,006 : INFO : telemetry.client : Accumulated 0 events. Flush the clients.
110 : 2022-07-05 04:52:37,006 : INFO : telemetry.note : Update the last send in note to 0001-01-01 00:00:00
110 : 2022-07-05 04:52:37,006 : INFO : telemetry.note : Update the note mtime to 2022-07-05 04:52:37.006447
109 : 2022-07-06 04:54:21,683 : INFO : telemetry.main : Attempt start. Configuration directory [/home/azureuser/.azure].
109 : 2022-07-06 04:54:21,690 : INFO : telemetry.check : Returns Positive.
109 : 2022-07-06 04:54:21,690 : DEBUG : telemetry.note : acquiring lock
109 : 2022-07-06 04:54:21,690 : DEBUG : telemetry.note : acquired lock
109 : 2022-07-06 04:54:21,690 : INFO : telemetry.note : Update the note mtime to 2022-07-06 04:54:21.690776
109 : 2022-07-06 04:54:21,693 : WARNING : telemetry.note : Fail to parse or read the timestamp '1-01-01T00:00:00' in the note file. Set the last send time to minimal. Reason: time data '1-01-01T00:00:00' does not match format '%Y-%m-%dT%H:%M:%S'
109 : 2022-07-06 04:54:21,693 : INFO : telemetry.records : No cache to be uploaded.
109 : 2022-07-06 04:54:21,693 : INFO : telemetry.client : Accumulated 0 events. Flush the clients.
109 : 2022-07-06 04:54:21,694 : INFO : telemetry.note : Update the last send in note to 0001-01-01 00:00:00
109 : 2022-07-06 04:54:21,694 : INFO : telemetry.note : Update the note mtime to 2022-07-06 04:54:21.694163
158 : 2022-07-06 05:09:25,295 : INFO : telemetry.main : Attempt start. Configuration directory [/home/azureuser/.azure].
158 : 2022-07-06 05:09:25,295 : INFO : telemetry.check : Returns Positive.
158 : 2022-07-06 05:09:25,295 : DEBUG : telemetry.note : acquiring lock
158 : 2022-07-06 05:09:25,296 : DEBUG : telemetry.note : acquired lock
158 : 2022-07-06 05:09:25,296 : INFO : telemetry.note : Update the note mtime to 2022-07-06 05:09:25.296174
158 : 2022-07-06 05:09:25,298 : WARNING : telemetry.note : Fail to parse or read the timestamp '1-01-01T00:00:00' in the note file. Set the last send time to minimal. Reason: time data '1-01-01T00:00:00' does not match format '%Y-%m-%dT%H:%M:%S'
158 : 2022-07-06 05:09:25,298 : INFO : telemetry.records : No cache to be uploaded.
158 : 2022-07-06 05:09:25,298 : INFO : telemetry.client : Accumulated 0 events. Flush the clients.
158 : 2022-07-06 05:09:25,299 : INFO : telemetry.note : Update the last send in note to 0001-01-01 00:00:00
158 : 2022-07-06 05:09:25,299 : INFO : telemetry.note : Update the note mtime to 2022-07-06 05:09:25.299123
189 : 2022-07-06 05:35:10,136 : INFO : telemetry.main : Attempt start. Configuration directory [/home/azureuser/.azure].
189 : 2022-07-06 05:35:10,137 : INFO : telemetry.check : Returns Positive.
189 : 2022-07-06 05:35:10,137 : DEBUG : telemetry.note : acquiring lock
189 : 2022-07-06 05:35:10,137 : DEBUG : telemetry.note : acquired lock
189 : 2022-07-06 05:35:10,137 : INFO : telemetry.note : Update the note mtime to 2022-07-06 05:35:10.137601
189 : 2022-07-06 05:35:10,139 : WARNING : telemetry.note : Fail to parse or read the timestamp '1-01-01T00:00:00' in the note file. Set the last send time to minimal. Reason: time data '1-01-01T00:00:00' does not match format '%Y-%m-%dT%H:%M:%S'
189 : 2022-07-06 05:35:10,139 : INFO : telemetry.records : No cache to be uploaded.
189 : 2022-07-06 05:35:10,139 : INFO : telemetry.client : Accumulated 0 events. Flush the clients.
189 : 2022-07-06 05:35:10,139 : INFO : telemetry.note : Update the last send in note to 0001-01-01 00:00:00
189 : 2022-07-06 05:35:10,139 : INFO : telemetry.note : Update the note mtime to 2022-07-06 05:35:10.139578
109 : 2022-07-11 09:10:10,379 : INFO : telemetry.main : Attempt start. Configuration directory [/home/azureuser/.azure].
109 : 2022-07-11 09:10:10,383 : INFO : telemetry.check : Returns Positive.
109 : 2022-07-11 09:10:10,384 : DEBUG : telemetry.note : acquiring lock
109 : 2022-07-11 09:10:10,384 : DEBUG : telemetry.note : acquired lock
109 : 2022-07-11 09:10:10,384 : INFO : telemetry.note : Update the note mtime to 2022-07-11 09:10:10.384494
109 : 2022-07-11 09:10:10,386 : WARNING : telemetry.note : Fail to parse or read the timestamp '1-01-01T00:00:00' in the note file. Set the last send time to minimal. Reason: time data '1-01-01T00:00:00' does not match format '%Y-%m-%dT%H:%M:%S'
109 : 2022-07-11 09:10:10,387 : INFO : telemetry.records : No cache to be uploaded.
109 : 2022-07-11 09:10:10,387 : INFO : telemetry.client : Accumulated 0 events. Flush the clients.
109 : 2022-07-11 09:10:10,387 : INFO : telemetry.note : Update the last send in note to 0001-01-01 00:00:00
109 : 2022-07-11 09:10:10,387 : INFO : telemetry.note : Update the note mtime to 2022-07-11 09:10:10.387554
110 : 2022-07-25 05:24:06,136 : INFO : telemetry.main : Attempt start. Configuration directory [/home/azureuser/.azure].
110 : 2022-07-25 05:24:06,160 : INFO : telemetry.check : Returns Positive.
110 : 2022-07-25 05:24:06,161 : DEBUG : telemetry.note : acquiring lock
110 : 2022-07-25 05:24:06,161 : DEBUG : telemetry.note : acquired lock
110 : 2022-07-25 05:24:06,161 : INFO : telemetry.note : Update the note mtime to 2022-07-25 05:24:06.161318
110 : 2022-07-25 05:24:06,169 : WARNING : telemetry.note : Fail to parse or read the timestamp '1-01-01T00:00:00' in the note file. Set the last send time to minimal. Reason: time data '1-01-01T00:00:00' does not match format '%Y-%m-%dT%H:%M:%S'
110 : 2022-07-25 05:24:06,169 : INFO : telemetry.records : No cache to be uploaded.
110 : 2022-07-25 05:24:06,169 : INFO : telemetry.client : Accumulated 0 events. Flush the clients.
110 : 2022-07-25 05:24:06,169 : INFO : telemetry.note : Update the last send in note to 0001-01-01 00:00:00
110 : 2022-07-25 05:24:06,170 : INFO : telemetry.note : Update the note mtime to 2022-07-25 05:24:06.170074
189 : 2022-07-25 05:41:13,169 : INFO : telemetry.main : Attempt start. Configuration directory [/home/azureuser/.azure].
189 : 2022-07-25 05:41:13,169 : INFO : telemetry.check : Returns Positive.
189 : 2022-07-25 05:41:13,169 : DEBUG : telemetry.note : acquiring lock
189 : 2022-07-25 05:41:13,169 : DEBUG : telemetry.note : acquired lock
189 : 2022-07-25 05:41:13,169 : INFO : telemetry.note : Update the note mtime to 2022-07-25 05:41:13.169808
189 : 2022-07-25 05:41:13,172 : WARNING : telemetry.note : Fail to parse or read the timestamp '1-01-01T00:00:00' in the note file. Set the last send time to minimal. Reason: time data '1-01-01T00:00:00' does not match format '%Y-%m-%dT%H:%M:%S'
189 : 2022-07-25 05:41:13,172 : INFO : telemetry.records : No cache to be uploaded.
189 : 2022-07-25 05:41:13,172 : INFO : telemetry.client : Accumulated 0 events. Flush the clients.
189 : 2022-07-25 05:41:13,172 : INFO : telemetry.note : Update the last send in note to 0001-01-01 00:00:00
189 : 2022-07-25 05:41:13,172 : INFO : telemetry.note : Update the note mtime to 2022-07-25 05:41:13.172693
